0 info it worked if it ends with ok
1 verbose cli [ '/usr/local/Cellar/node/6.8.1/bin/node',
1 verbose cli   '/usr/local/bin/npm',
1 verbose cli   'publish' ]
2 info using npm@4.1.1
3 info using node@v6.8.1
4 verbose publish [ '.' ]
5 silly cache add args [ '.', null ]
6 verbose cache add spec .
7 silly cache add parsed spec Result {
7 silly cache add   raw: '.',
7 silly cache add   scope: null,
7 silly cache add   escapedName: null,
7 silly cache add   name: null,
7 silly cache add   rawSpec: '.',
7 silly cache add   spec: '/Users/arjun/Documents/sandbox/head-set',
7 silly cache add   type: 'directory' }
8 verbose addLocalDirectory /Users/arjun/.npm/head-set/1.0.0/package.tgz not in flight; packing
9 verbose correctMkdir /Users/arjun/.npm correctMkdir not in flight; initializing
10 info lifecycle head-set@1.0.0~prepublish: head-set@1.0.0
11 silly lifecycle head-set@1.0.0~prepublish: no script for prepublish, continuing
12 info lifecycle head-set@1.0.0~prepare: head-set@1.0.0
13 silly lifecycle head-set@1.0.0~prepare: no script for prepare, continuing
14 verbose tar pack [ '/Users/arjun/.npm/head-set/1.0.0/package.tgz',
14 verbose tar pack   '/Users/arjun/Documents/sandbox/head-set' ]
15 verbose tarball /Users/arjun/.npm/head-set/1.0.0/package.tgz
16 verbose folder /Users/arjun/Documents/sandbox/head-set
17 verbose addLocalTarball adding from inside cache /Users/arjun/.npm/head-set/1.0.0/package.tgz
18 verbose correctMkdir /Users/arjun/.npm correctMkdir not in flight; initializing
19 silly cache afterAdd head-set@1.0.0
20 verbose afterAdd /Users/arjun/.npm/head-set/1.0.0/package/package.json not in flight; writing
21 verbose correctMkdir /Users/arjun/.npm correctMkdir not in flight; initializing
22 verbose afterAdd /Users/arjun/.npm/head-set/1.0.0/package/package.json written
23 silly publish { name: 'head-set',
23 silly publish   version: '1.0.0',
23 silly publish   description: '',
23 silly publish   main: 'build/index.js',
23 silly publish   scripts:
23 silly publish    { build: 'webpack',
23 silly publish      test: 'echo "Error: no test specified" && exit 1' },
23 silly publish   peerDependencies: { react: '>=15.0.0', 'react-helmet': '^5.2.0' },
23 silly publish   devDependencies:
23 silly publish    { webpack: '^2.6.1',
23 silly publish      'babel-cli': '^6.24.1',
23 silly publish      'babel-core': '^6.24.1',
23 silly publish      'babel-loader': '^7.0.0',
23 silly publish      'babel-plugin-transform-object-rest-spread': '^6.23.0',
23 silly publish      'babel-plugin-transform-react-jsx': '^6.24.1',
23 silly publish      'babel-preset-env': '^1.5.1' },
23 silly publish   author: { name: 'Arjun Khoosal' },
23 silly publish   repository:
23 silly publish    { type: 'git',
23 silly publish      url: 'git+https://github.com/super-cache-money/make-runnable.git' },
23 silly publish   license: 'ISC',
23 silly publish   gitHead: '4665db8dea3272cd7d64a08281bd628a730214c2',
23 silly publish   readme: '# A very thin, opiniated wrapper around react-helmet',
23 silly publish   readmeFilename: 'README.md',
23 silly publish   bugs: { url: 'https://github.com/super-cache-money/make-runnable/issues' },
23 silly publish   homepage: 'https://github.com/super-cache-money/make-runnable#readme',
23 silly publish   _id: 'head-set@1.0.0',
23 silly publish   _shasum: '1c74e5d53288274f6c9979607c62c59662a885fc',
23 silly publish   _from: '.' }
24 info lifecycle head-set@1.0.0~prepublishOnly: head-set@1.0.0
25 silly lifecycle head-set@1.0.0~prepublishOnly: no script for prepublishOnly, continuing
26 verbose getPublishConfig undefined
27 silly mapToRegistry name head-set
28 silly mapToRegistry using default registry
29 silly mapToRegistry registry https://registry.npmjs.org/
30 silly mapToRegistry data Result {
30 silly mapToRegistry   raw: 'head-set',
30 silly mapToRegistry   scope: null,
30 silly mapToRegistry   escapedName: 'head-set',
30 silly mapToRegistry   name: 'head-set',
30 silly mapToRegistry   rawSpec: '',
30 silly mapToRegistry   spec: 'latest',
30 silly mapToRegistry   type: 'tag' }
31 silly mapToRegistry uri https://registry.npmjs.org/head-set
32 verbose publish registryBase https://registry.npmjs.org/
33 silly publish uploading /Users/arjun/.npm/head-set/1.0.0/package.tgz
34 verbose request uri https://registry.npmjs.org/head-set
35 verbose request sending authorization for write operation
36 info attempt registry request try #1 at 11:46:19 PM
37 verbose request using bearer token for auth
38 verbose request id 7e6ffa9e641836b0
39 http request PUT https://registry.npmjs.org/head-set
40 http 403 https://registry.npmjs.org/head-set
41 verbose headers { 'content-type': 'application/json',
41 verbose headers   'cache-control': 'max-age=300',
41 verbose headers   'content-length': '175',
41 verbose headers   'accept-ranges': 'bytes',
41 verbose headers   date: 'Thu, 19 Apr 2018 21:46:14 GMT',
41 verbose headers   via: '1.1 varnish',
41 verbose headers   connection: 'keep-alive',
41 verbose headers   'x-served-by': 'cache-jnb7521-JNB',
41 verbose headers   'x-cache': 'MISS',
41 verbose headers   'x-cache-hits': '0',
41 verbose headers   'x-timer': 'S1524174373.769854,VS0,VE1555',
41 verbose headers   vary: 'Accept-Encoding, Accept' }
42 verbose request invalidating /Users/arjun/.npm/registry.npmjs.org/head-set on PUT
43 error publish Failed PUT 403
44 verbose stack Error: Package name too similar to existing packages; try renaming your package to '@super-cache-money/head-set' and publishing with 'npm publish --access=public' instead : head-set
44 verbose stack     at makeError (/usr/local/lib/node_modules/npm/node_modules/npm-registry-client/lib/request.js:304:12)
44 verbose stack     at CachingRegistryClient.<anonymous> (/usr/local/lib/node_modules/npm/node_modules/npm-registry-client/lib/request.js:292:14)
44 verbose stack     at Request._callback (/usr/local/lib/node_modules/npm/node_modules/npm-registry-client/lib/request.js:212:14)
44 verbose stack     at Request.self.callback (/usr/local/lib/node_modules/npm/node_modules/request/request.js:186:22)
44 verbose stack     at emitTwo (events.js:106:13)
44 verbose stack     at Request.emit (events.js:191:7)
44 verbose stack     at Request.<anonymous> (/usr/local/lib/node_modules/npm/node_modules/request/request.js:1081:10)
44 verbose stack     at emitOne (events.js:96:13)
44 verbose stack     at Request.emit (events.js:188:7)
44 verbose stack     at IncomingMessage.<anonymous> (/usr/local/lib/node_modules/npm/node_modules/request/request.js:1001:12)
45 verbose statusCode 403
46 verbose pkgid head-set
47 verbose cwd /Users/arjun/Documents/sandbox/head-set
48 error Darwin 15.6.0
49 error argv "/usr/local/Cellar/node/6.8.1/bin/node" "/usr/local/bin/npm" "publish"
50 error node v6.8.1
51 error npm  v4.1.1
52 error code E403
53 error Package name too similar to existing packages; try renaming your package to '@super-cache-money/head-set' and publishing with 'npm publish --access=public' instead : head-set
54 error If you need help, you may report this error at:
54 error     <https://github.com/npm/npm/issues>
55 verbose exit [ 1, true ]
